<?xml version="1.0" encoding="UTF-8"?>
<!-- Generated by org.testng.reporters.JUnitReportReporter -->
<testsuite hostname="TechCirle2sMini" failures="0" tests="1" name="TestNG_Day2.ParameterizedTest" time="0.000" errors="1" timestamp="2023-11-27T21:34:50 EST" skipped="0">
  <testcase classname="TestNG_Day2.ParameterizedTest" name="parameterTest" time="0.000">
    <error message="
Parameter &#039;anyName&#039; is required by @Test on method parameterTest but has not been marked @Optional or defined
in /Users/techcircle_2/Documents/Cohort16-workspace/Cohort16_TestNGProject/parallelExecution.xml" type="org.testng.TestNGException">
      <![CDATA[org.testng.TestNGException: 
Parameter 'anyName' is required by @Test on method parameterTest but has not been marked @Optional or defined
in /Users/techcircle_2/Documents/Cohort16-workspace/Cohort16_TestNGProject/parallelExecution.xml
at org.testng.internal.Parameters.createParams(Parameters.java:267)
at org.testng.internal.Parameters.createParametersForMethod(Parameters.java:355)
at org.testng.internal.Parameters.createParameters(Parameters.java:684)
at org.testng.internal.Parameters.handleParameters(Parameters.java:879)
at org.testng.internal.Parameters.handleParameters(Parameters.java:728)
at org.testng.internal.invokers.ParameterHandler.handleParameters(ParameterHandler.java:72)
at org.testng.internal.invokers.ParameterHandler.createParameters(ParameterHandler.java:51)
at org.testng.internal.invokers.TestInvoker$MethodInvocationAgent.invoke(TestInvoker.java:924)
at org.testng.internal.invokers.TestInvoker.invokeTestMethods(TestInvoker.java:194)
at org.testng.internal.invokers.TestMethodWorker.invokeTestMethods(TestMethodWorker.java:148)
at org.testng.internal.invokers.TestMethodWorker.run(TestMethodWorker.java:128)
at java.base/java.util.concurrent.ThreadPoolExecutor.runWorker(ThreadPoolExecutor.java:1128)
at java.base/java.util.concurrent.ThreadPoolExecutor$Worker.run(ThreadPoolExecutor.java:628)
at java.base/java.lang.Thread.run(Thread.java:834)
]]>
    </error>
  </testcase> <!-- parameterTest -->
  <system-out/>
</testsuite> <!-- TestNG_Day2.ParameterizedTest -->
