<?xml version="1.0" encoding="UTF-8"?>
<!-- Generated by org.testng.reporters.JUnitXMLReporter -->
<testsuite ignored="0" hostname="TechCirle2sMini" failures="1" tests="1" name="Parallel Tests2" time="0.059" errors="0" timestamp="2023-11-27T21:34:49 EST">
  <testcase classname="TestNG_Day2.ParameterizedTest" name="parameterTest" time="0.0">
    <failure type="org.testng.TestNGException" message="
Parameter &amp;apos;anyName&amp;apos; is required by @Test on method parameterTest but has not been marked @Optional or defined
in /Users/techcircle_2/Documents/Cohort16-workspace/Cohort16_TestNGProject/parallelExecution.xml">
      <![CDATA[org.testng.TestNGException: 
Parameter 'anyName' is required by @Test on method parameterTest but has not been marked @Optional or defined
in /Users/techcircle_2/Documents/Cohort16-workspace/Cohort16_TestNGProject/parallelExecution.xml
at java.base/java.util.concurrent.ThreadPoolExecutor.runWorker(ThreadPoolExecutor.java:1128)
at java.base/java.util.concurrent.ThreadPoolExecutor$Worker.run(ThreadPoolExecutor.java:628)
at java.base/java.lang.Thread.run(Thread.java:834)
... Removed 11 stack frames]]>
    </failure>
  </testcase> <!-- parameterTest -->
</testsuite> <!-- Parallel Tests2 -->
